0 info it worked if it ends with ok
1 verbose cli [ 'C:\\Program Files\\nodejs\\node.exe',
1 verbose cli   'C:\\Users\\david\\AppData\\Roaming\\npm\\node_modules\\npm\\bin\\npm-cli.js',
1 verbose cli   'start' ]
2 info using npm@4.1.0
3 info using node@v8.9.4
4 verbose run-script [ 'prestart', 'start', 'poststart' ]
5 info lifecycle quiz@1.0.0~prestart: quiz@1.0.0
6 silly lifecycle quiz@1.0.0~prestart: no script for prestart, continuing
7 info lifecycle quiz@1.0.0~start: quiz@1.0.0
8 verbose lifecycle quiz@1.0.0~start: unsafe-perm in lifecycle true
9 verbose lifecycle quiz@1.0.0~start: PATH: C:\Users\david\AppData\Roaming\npm\node_modules\npm\bin\node-gyp-bin;C:\Users\david\Desktop\CORE\Sockets en node.js\P4_Quiz\node_modules\.bin;C:\ProgramData\Oracle\Java\javapath;C:\Windows\System32;C:\Windows;C:\Windows\System32\wbem;C:\Windows\System32\WindowsPowerShell\v1.0\;C:\Program Files (x86)\NVIDIA Corporation\PhysX\Common;C:\Program Files\Intel\WiFi\bin\;C:\Program Files\Common Files\Intel\WirelessCommon\;C:\Windows\System32;C:\Windows;C:\Windows\System32\wbem;C:\Windows\System32\WindowsPowerShell\v1.0\;C:\Program Files (x86)\Skype\Phone\;C:\Program Files\MATLAB\R2017a\runtime\win64;C:\Program Files\MATLAB\R2017a\bin;C:\Program Files (x86)\GnuPG\bin;C:\Program Files\Git\cmd;C:\Program Files\nodejs\;C:\Users\david\AppData\Local\Microsoft\WindowsApps;C:\Users\david\AppData\Roaming\npm;C:\Program Files\Microsoft VS Code\bin
10 verbose lifecycle quiz@1.0.0~start: CWD: C:\Users\david\Desktop\CORE\Sockets en node.js\P4_Quiz
11 silly lifecycle quiz@1.0.0~start: Args: [ '/d /s /c', 'node main.js' ]
12 silly lifecycle quiz@1.0.0~start: Returned: code: 1  signal: null
13 info lifecycle quiz@1.0.0~start: Failed to exec start script
14 verbose stack Error: quiz@1.0.0 start: `node main.js`
14 verbose stack Exit status 1
14 verbose stack     at EventEmitter.<anonymous> (C:\Users\david\AppData\Roaming\npm\node_modules\npm\lib\utils\lifecycle.js:279:16)
14 verbose stack     at emitTwo (events.js:126:13)
14 verbose stack     at EventEmitter.emit (events.js:214:7)
14 verbose stack     at ChildProcess.<anonymous> (C:\Users\david\AppData\Roaming\npm\node_modules\npm\lib\utils\spawn.js:40:14)
14 verbose stack     at emitTwo (events.js:126:13)
14 verbose stack     at ChildProcess.emit (events.js:214:7)
14 verbose stack     at maybeClose (internal/child_process.js:925:16)
14 verbose stack     at Process.ChildProcess._handle.onexit (internal/child_process.js:209:5)
15 verbose pkgid quiz@1.0.0
16 verbose cwd C:\Users\david\Desktop\CORE\Sockets en node.js\P4_Quiz
17 error Windows_NT 10.0.16299
18 error argv "C:\\Program Files\\nodejs\\node.exe" "C:\\Users\\david\\AppData\\Roaming\\npm\\node_modules\\npm\\bin\\npm-cli.js" "start"
19 error node v8.9.4
20 error npm  v4.1.0
21 error code ELIFECYCLE
22 error quiz@1.0.0 start: `node main.js`
22 error Exit status 1
23 error Failed at the quiz@1.0.0 start script 'node main.js'.
23 error Make sure you have the latest version of node.js and npm installed.
23 error If you do, this is most likely a problem with the quiz package,
23 error not with npm itself.
23 error Tell the author that this fails on your system:
23 error     node main.js
23 error You can get information on how to open an issue for this project with:
23 error     npm bugs quiz
23 error Or if that isn't available, you can get their info via:
23 error     npm owner ls quiz
23 error There is likely additional logging output above.
24 verbose exit [ 1, true ]
